2023-05-16 12:05:805 INFO  HomePage :68 - Mouse hover to women menu[[ChromeDriver: chrome on WINDOWS (5e3369fdbb47a63b94b3daa5a4f745e0)] -> xpath: (//span[contains(text(),'Women')])[1]]
2023-05-16 12:05:964 INFO  HomePage :74 - Mouse hover to top menu[[ChromeDriver: chrome on WINDOWS (5e3369fdbb47a63b94b3daa5a4f745e0)] -> xpath: (//span[contains(text(),'Tops')])[1]]
2023-05-16 12:05:549 INFO  HomePage :68 - Mouse hover to women menu[[ChromeDriver: chrome on WINDOWS (e4706d478d2fb231e837b98c85297026)] -> xpath: (//span[contains(text(),'Women')])[1]]
2023-05-16 12:05:686 INFO  HomePage :74 - Mouse hover to top menu[[ChromeDriver: chrome on WINDOWS (e4706d478d2fb231e837b98c85297026)] -> xpath: (//span[contains(text(),'Tops')])[1]]
2023-05-16 12:05:836 INFO  HomePage :68 - Mouse hover to women menu[[ChromeDriver: chrome on WINDOWS (8d2a6b8a4e1e8875eb0930aedf8c2798)] -> xpath: (//span[contains(text(),'Women')])[1]]
2023-05-16 12:05:00 INFO  HomePage :74 - Mouse hover to top menu[[ChromeDriver: chrome on WINDOWS (8d2a6b8a4e1e8875eb0930aedf8c2798)] -> xpath: (//span[contains(text(),'Tops')])[1]]
2023-05-16 12:05:23 INFO  HomePage :69 - Mouse hover to women menu[[ChromeDriver: chrome on WINDOWS (f6a63fc28dbe495fbbbe69699446d6ae)] -> xpath: (//span[contains(text(),'Women')])[1]]
2023-05-16 12:05:623 INFO  HomePage :69 - Mouse hover to women menu[[ChromeDriver: chrome on WINDOWS (397795109156512e85e73a346d785604)] -> xpath: (//span[contains(text(),'Women')])[1]]
2023-05-16 12:05:11 INFO  HomePage :69 - Mouse hover to women menu[[ChromeDriver: chrome on WINDOWS (3b664ac6ec539248bdcbab335ce3c0e3)] -> xpath: (//span[contains(text(),'Women')])[1]]
2023-05-16 12:05:182 INFO  HomePage :75 - Mouse hover to top menu[[ChromeDriver: chrome on WINDOWS (3b664ac6ec539248bdcbab335ce3c0e3)] -> xpath: (//span[contains(text(),'Tops')])[1]]
2023-05-16 12:05:93 INFO  HomePage :69 - Mouse hover to women menu[[ChromeDriver: chrome on WINDOWS (37798306e87a9a83a77b8c201f1230a8)] -> xpath: (//span[contains(text(),'Women')])[1]]
2023-05-16 12:05:264 INFO  HomePage :75 - Mouse hover to top menu[[ChromeDriver: chrome on WINDOWS (37798306e87a9a83a77b8c201f1230a8)] -> xpath: (//span[contains(text(),'Tops')])[1]]
2023-05-16 12:05:936 INFO  HomePage :69 - Mouse hover to women menu[[ChromeDriver: chrome on WINDOWS (0bfed769e62ec2f65211bfb03665283e)] -> xpath: (//span[contains(text(),'Women')])[1]]
2023-05-16 12:05:88 INFO  HomePage :75 - Mouse hover to top menu[[ChromeDriver: chrome on WINDOWS (0bfed769e62ec2f65211bfb03665283e)] -> xpath: (//span[contains(text(),'Tops')])[1]]
2023-05-16 12:05:661 INFO  HomePage :69 - Mouse hover to women menu[[ChromeDriver: chrome on WINDOWS (98e969b31f41e345a1c99c67d39211a3)] -> xpath: (//span[contains(text(),'Women')])[1]]
2023-05-16 12:05:828 INFO  HomePage :75 - Mouse hover to top menu[[ChromeDriver: chrome on WINDOWS (98e969b31f41e345a1c99c67d39211a3)] -> xpath: (//span[contains(text(),'Tops')])[1]]
2023-05-16 13:05:415 INFO  HomePage :69 - Mouse hover to women menu[[ChromeDriver: chrome on WINDOWS (8b93a6cfd5adf9402bd77a43e4fbe41a)] -> xpath: (//span[contains(text(),'Women')])[1]]
2023-05-16 13:05:580 INFO  HomePage :75 - Mouse hover to top menu[[ChromeDriver: chrome on WINDOWS (8b93a6cfd5adf9402bd77a43e4fbe41a)] -> xpath: (//span[contains(text(),'Tops')])[1]]
2023-05-16 13:05:31 INFO  HomePage :69 - Mouse hover to women menu[[ChromeDriver: chrome on WINDOWS (b64cf805f30689e1aadc93a2aa58f900)] -> xpath: (//span[contains(text(),'Women')])[1]]
2023-05-16 13:05:204 INFO  HomePage :75 - Mouse hover to top menu[[ChromeDriver: chrome on WINDOWS (b64cf805f30689e1aadc93a2aa58f900)] -> xpath: (//span[contains(text(),'Tops')])[1]]
2023-05-16 13:05:30 INFO  HomePage :81 - Click on Jacket[[ChromeDriver: chrome on WINDOWS (b64cf805f30689e1aadc93a2aa58f900)] -> xpath: (//span[contains(text(),'Jackets')])[1]]
2023-05-16 13:05:237 INFO  HomePage :69 - Mouse hover to women menu[[ChromeDriver: chrome on WINDOWS (ab6b6cc2ee6c73b58d16922c6fe64e50)] -> xpath: (//span[contains(text(),'Women')])[1]]
2023-05-16 13:05:404 INFO  HomePage :75 - Mouse hover to top menu[[ChromeDriver: chrome on WINDOWS (ab6b6cc2ee6c73b58d16922c6fe64e50)] -> xpath: (//span[contains(text(),'Tops')])[1]]
2023-05-16 13:05:855 INFO  HomePage :69 - Mouse hover to women menu[[ChromeDriver: chrome on WINDOWS (b178b609216440e9b23b33c66b0cefac)] -> xpath: (//span[contains(text(),'Women')])[1]]
2023-05-16 13:05:13 INFO  HomePage :75 - Mouse hover to top menu[[ChromeDriver: chrome on WINDOWS (b178b609216440e9b23b33c66b0cefac)] -> xpath: (//span[contains(text(),'Tops')])[1]]
2023-05-16 13:05:140 INFO  HomePage :69 - Mouse hover to women menu[[ChromeDriver: chrome on WINDOWS (2f9970bf11a51ee8654eb457e0aab4b3)] -> xpath: (//span[contains(text(),'Women')])[1]]
2023-05-16 13:05:290 INFO  HomePage :75 - Mouse hover to top menu[[ChromeDriver: chrome on WINDOWS (2f9970bf11a51ee8654eb457e0aab4b3)] -> xpath: (//span[contains(text(),'Tops')])[1]]
2023-05-16 13:05:477 INFO  HomePage :69 - Mouse hover to women menu[[ChromeDriver: chrome on WINDOWS (b6285d0f2c45408b399c9094b3786112)] -> xpath: (//span[contains(text(),'Women')])[1]]
2023-05-16 13:05:643 INFO  HomePage :75 - Mouse hover to top menu[[ChromeDriver: chrome on WINDOWS (b6285d0f2c45408b399c9094b3786112)] -> xpath: (//span[contains(text(),'Tops')])[1]]
2023-05-16 13:05:542 INFO  HomePage :69 - Mouse hover to women menu[[ChromeDriver: chrome on WINDOWS (7b1e36a349d5d51dc134bbad541addfc)] -> xpath: (//span[contains(text(),'Women')])[1]]
2023-05-16 13:05:718 INFO  HomePage :75 - Mouse hover to top menu[[ChromeDriver: chrome on WINDOWS (7b1e36a349d5d51dc134bbad541addfc)] -> xpath: (//span[contains(text(),'Tops')])[1]]
2023-05-16 13:05:941 INFO  HomePage :69 - Mouse hover to women menu[[ChromeDriver: chrome on WINDOWS (4a65bc951be429a0c456785ca88260a9)] -> xpath: (//span[contains(text(),'Women')])[1]]
2023-05-16 13:05:106 INFO  HomePage :75 - Mouse hover to top menu[[ChromeDriver: chrome on WINDOWS (4a65bc951be429a0c456785ca88260a9)] -> xpath: (//span[contains(text(),'Tops')])[1]]
2023-05-16 13:05:960 INFO  HomePage :81 - Click on Jacket[[ChromeDriver: chrome on WINDOWS (4a65bc951be429a0c456785ca88260a9)] -> xpath: (//span[contains(text(),'Jackets')])[1]]
2023-05-16 13:05:295 INFO  HomePage :69 - Mouse hover to women menu[[ChromeDriver: chrome on WINDOWS (8a210452c4ebf9425140285dacd3f431)] -> xpath: (//span[contains(text(),'Women')])[1]]
2023-05-16 13:05:446 INFO  HomePage :75 - Mouse hover to top menu[[ChromeDriver: chrome on WINDOWS (8a210452c4ebf9425140285dacd3f431)] -> xpath: (//span[contains(text(),'Tops')])[1]]
2023-05-16 13:05:765 INFO  HomePage :69 - Mouse hover to women menu[[ChromeDriver: chrome on WINDOWS (abee7c0486b822d00ad256c28af3b30b)] -> xpath: (//span[contains(text(),'Women')])[1]]
2023-05-16 13:05:933 INFO  HomePage :75 - Mouse hover to top menu[[ChromeDriver: chrome on WINDOWS (abee7c0486b822d00ad256c28af3b30b)] -> xpath: (//span[contains(text(),'Tops')])[1]]
2023-05-16 13:05:171 INFO  HomePage :81 - Click on Jacket[[ChromeDriver: chrome on WINDOWS (abee7c0486b822d00ad256c28af3b30b)] -> xpath: (//span[contains(text(),'Jackets')])[1]]
2023-05-16 13:05:862 INFO  HomePage :99 - Mouse hover to Men menu[[ChromeDriver: chrome on WINDOWS (b4a77ce13dfdb846aa4b820466f872a0)] -> xpath: //span[contains(text(),'Men')]]
2023-05-16 13:05:30 INFO  HomePage :105 - Mouse hover to Bottom menu[[ChromeDriver: chrome on WINDOWS (b4a77ce13dfdb846aa4b820466f872a0)] -> xpath: (//span[text()='Bottoms'])[2]]
2023-05-16 16:05:434 INFO  HomePage :108 - Mouse hover to Gear menu[[ChromeDriver: chrome on WINDOWS (2ed77cb6c68ff9a29f7cf9553712ff8e)] -> xpath: //span[contains(text(),'Gear')]]
2023-05-16 16:05:603 INFO  HomePage :113 - Click on Bag[[ChromeDriver: chrome on WINDOWS (2ed77cb6c68ff9a29f7cf9553712ff8e)] -> xpath: //span[contains(text(),'Bags')]]
2023-05-16 16:05:478 INFO  OverNightDuffle :44 - Click on Over Night Duffel Bag[[ChromeDriver: chrome on WINDOWS (2ed77cb6c68ff9a29f7cf9553712ff8e)] -> xpath: //a[contains(text(),'Overnight Duffle')]]
2023-05-16 16:05:374 INFO  OverNightDuffle :50 - Get Text Over Night Duffel Bag[[ChromeDriver: chrome on WINDOWS (2ed77cb6c68ff9a29f7cf9553712ff8e)] -> xpath: //span[contains(text(),'Overnight Duffle')]]
2023-05-16 16:05:472 INFO  OverNightDuffle :56 - Change Qty of Bag[[ChromeDriver: chrome on WINDOWS (2ed77cb6c68ff9a29f7cf9553712ff8e)] -> xpath: //input[@id='qty']]
2023-05-16 16:05:650 INFO  OverNightDuffle :64 - Click on Add to Cart[[ChromeDriver: chrome on WINDOWS (2ed77cb6c68ff9a29f7cf9553712ff8e)] -> xpath: //span[contains(text(),'Add to Cart')]]
2023-05-16 16:05:437 INFO  OverNightDuffle :70 - Get Text Product Added to Shopping cart Successfully[[ChromeDriver: chrome on WINDOWS (2ed77cb6c68ff9a29f7cf9553712ff8e)] -> xpath: //div[@data-ui-id='message-success']]
2023-05-16 16:05:485 INFO  OverNightDuffle :77 - Click on Shopping cart Link[[ChromeDriver: chrome on WINDOWS (2ed77cb6c68ff9a29f7cf9553712ff8e)] -> xpath: //a[text()='shopping cart']]
2023-05-16 16:05:557 INFO  ShoppingCartPage :81 - Get text bag name[[ChromeDriver: chrome on WINDOWS (2ed77cb6c68ff9a29f7cf9553712ff8e)] -> xpath: (//a[text()='Overnight Duffle'])[2]]
2023-05-16 16:05:630 INFO  ShoppingCartPage :89 - Verify Qty of product[[ChromeDriver: chrome on WINDOWS (2ed77cb6c68ff9a29f7cf9553712ff8e)] -> xpath: //input[@value = '3']]
2023-05-16 16:05:472 INFO  ShoppingCartPage :95 - Verify price of product[[ChromeDriver: chrome on WINDOWS (2ed77cb6c68ff9a29f7cf9553712ff8e)] -> xpath: (//span[text()='$135.00'])[4]]
2023-05-16 16:05:598 INFO  ShoppingCartPage :103 - Change Qty of Product[[ChromeDriver: chrome on WINDOWS (2ed77cb6c68ff9a29f7cf9553712ff8e)] -> xpath: //input[@class='input-text qty']]
2023-05-16 16:05:611 INFO  ShoppingCartPage :108 - Update shopping cart[[ChromeDriver: chrome on WINDOWS (2ed77cb6c68ff9a29f7cf9553712ff8e)] -> xpath: //span[contains(text(),'Update Shopping Cart')]]
2023-05-16 16:05:803 INFO  ShoppingCartPage :114 - Verify product price is updated[[ChromeDriver: chrome on WINDOWS (2ed77cb6c68ff9a29f7cf9553712ff8e)] -> xpath: (//span[@class='price'])[12]]
2023-05-16 16:05:138 INFO  HomePage :93 - Mouse hover to Men menu[[ChromeDriver: chrome on WINDOWS (126f57c1c0f0f82cd7d904bb019a096d)] -> xpath: //span[contains(text(),'Men')]]
2023-05-16 16:05:311 INFO  HomePage :98 - Mouse hover to Bottom menu[[ChromeDriver: chrome on WINDOWS (126f57c1c0f0f82cd7d904bb019a096d)] -> xpath: (//span[text()='Bottoms'])[2]]
2023-05-16 16:05:460 INFO  HomePage :103 - Mouse hover to Pant menu and Click[[ChromeDriver: chrome on WINDOWS (126f57c1c0f0f82cd7d904bb019a096d)] -> xpath: (//span[text()='Pants'])[2]]
2023-05-16 16:05:518 INFO  MensPantPage :39 - Mouse hover and click on Pant size[[ChromeDriver: chrome on WINDOWS (126f57c1c0f0f82cd7d904bb019a096d)] -> xpath: (//div[@aria-label='32'])[1]]
2023-05-16 16:05:716 INFO  MensPantPage :45 - Mouse hover and click on Black colour[[ChromeDriver: chrome on WINDOWS (126f57c1c0f0f82cd7d904bb019a096d)] -> xpath: (//div[@option-label='Black'])[1]]
2023-05-16 16:05:876 INFO  MensPantPage :52 - Mouse hover and click on Add to cart[[ChromeDriver: chrome on WINDOWS (126f57c1c0f0f82cd7d904bb019a096d)] -> xpath: (//span[text()='Add to Cart'])[1]]
2023-05-16 16:05:908 INFO  MensPantPage :58 - Verify product added to cart successfully[[ChromeDriver: chrome on WINDOWS (126f57c1c0f0f82cd7d904bb019a096d)] -> xpath: //div[@data-bind='html: $parent.prepareMessageForHtml(message.text)']]
2023-05-16 16:05:951 INFO  OverNightDuffle :77 - Click on Shopping cart Link[[ChromeDriver: chrome on WINDOWS (126f57c1c0f0f82cd7d904bb019a096d)] -> xpath: //a[text()='shopping cart']]
2023-05-16 16:05:972 INFO  ShoppingCartPage :61 - Get Text Shopping cart[[ChromeDriver: chrome on WINDOWS (126f57c1c0f0f82cd7d904bb019a096d)] -> xpath: //span[text()='Shopping Cart']]
2023-05-16 16:05:998 INFO  ShoppingCartPage :66 - Get Text Product Name[[ChromeDriver: chrome on WINDOWS (126f57c1c0f0f82cd7d904bb019a096d)] -> xpath: (//a[text()='Cronus Yoga Pant '])[2]]
2023-05-16 16:05:21 INFO  ShoppingCartPage :71 - Verify product size[[ChromeDriver: chrome on WINDOWS (126f57c1c0f0f82cd7d904bb019a096d)] -> xpath: //dd[contains(text(),'32')]]
2023-05-16 16:05:46 INFO  ShoppingCartPage :76 - Verify product colour[[ChromeDriver: chrome on WINDOWS (126f57c1c0f0f82cd7d904bb019a096d)] -> xpath: //dd[contains(text(),'Black')]]
2023-05-16 16:05:117 INFO  HomePage :68 - Mouse hover to women menu[[ChromeDriver: chrome on WINDOWS (259ec8f8cd52cd15c427df9643fb64b9)] -> xpath: (//span[contains(text(),'Women')])[1]]
2023-05-16 16:05:265 INFO  HomePage :73 - Mouse hover to top menu[[ChromeDriver: chrome on WINDOWS (259ec8f8cd52cd15c427df9643fb64b9)] -> xpath: (//span[contains(text(),'Tops')])[1]]
2023-05-16 16:05:420 INFO  HomePage :78 - Click on Jacket[[ChromeDriver: chrome on WINDOWS (259ec8f8cd52cd15c427df9643fb64b9)] -> xpath: (//span[contains(text(),'Jackets')])[1]]
2023-05-16 16:05:613 INFO  HomePage :83 - Verify product displayed sort by Product name[[ChromeDriver: chrome on WINDOWS (259ec8f8cd52cd15c427df9643fb64b9)] -> xpath: (//select[@id='sorter'])[1]]
2023-05-16 16:05:709 INFO  HomePage :136 - Product list after sort by Product name[[[ChromeDriver: chrome on WINDOWS (259ec8f8cd52cd15c427df9643fb64b9)] -> xpath: //strong[@class='product name product-item-name']], [[ChromeDriver: chrome on WINDOWS (259ec8f8cd52cd15c427df9643fb64b9)] -> xpath: //strong[@class='product name product-item-name']], [[ChromeDriver: chrome on WINDOWS (259ec8f8cd52cd15c427df9643fb64b9)] -> xpath: //strong[@class='product name product-item-name']], [[ChromeDriver: chrome on WINDOWS (259ec8f8cd52cd15c427df9643fb64b9)] -> xpath: //strong[@class='product name product-item-name']], [[ChromeDriver: chrome on WINDOWS (259ec8f8cd52cd15c427df9643fb64b9)] -> xpath: //strong[@class='product name product-item-name']], [[ChromeDriver: chrome on WINDOWS (259ec8f8cd52cd15c427df9643fb64b9)] -> xpath: //strong[@class='product name product-item-name']], [[ChromeDriver: chrome on WINDOWS (259ec8f8cd52cd15c427df9643fb64b9)] -> xpath: //strong[@class='product name product-item-name']], [[ChromeDriver: chrome on WINDOWS (259ec8f8cd52cd15c427df9643fb64b9)] -> xpath: //strong[@class='product name product-item-name']], [[ChromeDriver: chrome on WINDOWS (259ec8f8cd52cd15c427df9643fb64b9)] -> xpath: //strong[@class='product name product-item-name']], [[ChromeDriver: chrome on WINDOWS (259ec8f8cd52cd15c427df9643fb64b9)] -> xpath: //strong[@class='product name product-item-name']], [[ChromeDriver: chrome on WINDOWS (259ec8f8cd52cd15c427df9643fb64b9)] -> xpath: //strong[@class='product name product-item-name']], [[ChromeDriver: chrome on WINDOWS (259ec8f8cd52cd15c427df9643fb64b9)] -> xpath: //strong[@class='product name product-item-name']]]
2023-05-16 16:05:779 INFO  HomePage :124 - Default Product List[[[ChromeDriver: chrome on WINDOWS (259ec8f8cd52cd15c427df9643fb64b9)] -> xpath: //strong[@class='product name product-item-name']], [[ChromeDriver: chrome on WINDOWS (259ec8f8cd52cd15c427df9643fb64b9)] -> xpath: //strong[@class='product name product-item-name']], [[ChromeDriver: chrome on WINDOWS (259ec8f8cd52cd15c427df9643fb64b9)] -> xpath: //strong[@class='product name product-item-name']], [[ChromeDriver: chrome on WINDOWS (259ec8f8cd52cd15c427df9643fb64b9)] -> xpath: //strong[@class='product name product-item-name']], [[ChromeDriver: chrome on WINDOWS (259ec8f8cd52cd15c427df9643fb64b9)] -> xpath: //strong[@class='product name product-item-name']], [[ChromeDriver: chrome on WINDOWS (259ec8f8cd52cd15c427df9643fb64b9)] -> xpath: //strong[@class='product name product-item-name']], [[ChromeDriver: chrome on WINDOWS (259ec8f8cd52cd15c427df9643fb64b9)] -> xpath: //strong[@class='product name product-item-name']], [[ChromeDriver: chrome on WINDOWS (259ec8f8cd52cd15c427df9643fb64b9)] -> xpath: //strong[@class='product name product-item-name']], [[ChromeDriver: chrome on WINDOWS (259ec8f8cd52cd15c427df9643fb64b9)] -> xpath: //strong[@class='product name product-item-name']], [[ChromeDriver: chrome on WINDOWS (259ec8f8cd52cd15c427df9643fb64b9)] -> xpath: //strong[@class='product name product-item-name']], [[ChromeDriver: chrome on WINDOWS (259ec8f8cd52cd15c427df9643fb64b9)] -> xpath: //strong[@class='product name product-item-name']], [[ChromeDriver: chrome on WINDOWS (259ec8f8cd52cd15c427df9643fb64b9)] -> xpath: //strong[@class='product name product-item-name']]]
2023-05-16 16:05:359 INFO  HomePage :68 - Mouse hover to women menu[[ChromeDriver: chrome on WINDOWS (4afff75add846079487848a668e9113b)] -> xpath: (//span[contains(text(),'Women')])[1]]
2023-05-16 16:05:514 INFO  HomePage :73 - Mouse hover to top menu[[ChromeDriver: chrome on WINDOWS (4afff75add846079487848a668e9113b)] -> xpath: (//span[contains(text(),'Tops')])[1]]
2023-05-16 16:05:649 INFO  HomePage :78 - Click on Jacket[[ChromeDriver: chrome on WINDOWS (4afff75add846079487848a668e9113b)] -> xpath: (//span[contains(text(),'Jackets')])[1]]
2023-05-16 16:05:309 INFO  HomePage :88 - Verify Product display sort by Price[[ChromeDriver: chrome on WINDOWS (4afff75add846079487848a668e9113b)] -> xpath: (//select[@id='sorter'])[1]]
2023-05-16 16:05:185 INFO  HomePage :159 - Product list after sort by Price[[[ChromeDriver: chrome on WINDOWS (4afff75add846079487848a668e9113b)] -> xpath: //span[@class='price-wrapper ']//span], [[ChromeDriver: chrome on WINDOWS (4afff75add846079487848a668e9113b)] -> xpath: //span[@class='price-wrapper ']//span], [[ChromeDriver: chrome on WINDOWS (4afff75add846079487848a668e9113b)] -> xpath: //span[@class='price-wrapper ']//span], [[ChromeDriver: chrome on WINDOWS (4afff75add846079487848a668e9113b)] -> xpath: //span[@class='price-wrapper ']//span], [[ChromeDriver: chrome on WINDOWS (4afff75add846079487848a668e9113b)] -> xpath: //span[@class='price-wrapper ']//span], [[ChromeDriver: chrome on WINDOWS (4afff75add846079487848a668e9113b)] -> xpath: //span[@class='price-wrapper ']//span], [[ChromeDriver: chrome on WINDOWS (4afff75add846079487848a668e9113b)] -> xpath: //span[@class='price-wrapper ']//span], [[ChromeDriver: chrome on WINDOWS (4afff75add846079487848a668e9113b)] -> xpath: //span[@class='price-wrapper ']//span], [[ChromeDriver: chrome on WINDOWS (4afff75add846079487848a668e9113b)] -> xpath: //span[@class='price-wrapper ']//span], [[ChromeDriver: chrome on WINDOWS (4afff75add846079487848a668e9113b)] -> xpath: //span[@class='price-wrapper ']//span], [[ChromeDriver: chrome on WINDOWS (4afff75add846079487848a668e9113b)] -> xpath: //span[@class='price-wrapper ']//span], [[ChromeDriver: chrome on WINDOWS (4afff75add846079487848a668e9113b)] -> xpath: //span[@class='price-wrapper ']//span]]
2023-05-16 16:05:279 INFO  HomePage :147 - Default Product list[[[ChromeDriver: chrome on WINDOWS (4afff75add846079487848a668e9113b)] -> xpath: //span[@class='price-wrapper ']//span], [[ChromeDriver: chrome on WINDOWS (4afff75add846079487848a668e9113b)] -> xpath: //span[@class='price-wrapper ']//span], [[ChromeDriver: chrome on WINDOWS (4afff75add846079487848a668e9113b)] -> xpath: //span[@class='price-wrapper ']//span], [[ChromeDriver: chrome on WINDOWS (4afff75add846079487848a668e9113b)] -> xpath: //span[@class='price-wrapper ']//span], [[ChromeDriver: chrome on WINDOWS (4afff75add846079487848a668e9113b)] -> xpath: //span[@class='price-wrapper ']//span], [[ChromeDriver: chrome on WINDOWS (4afff75add846079487848a668e9113b)] -> xpath: //span[@class='price-wrapper ']//span], [[ChromeDriver: chrome on WINDOWS (4afff75add846079487848a668e9113b)] -> xpath: //span[@class='price-wrapper ']//span], [[ChromeDriver: chrome on WINDOWS (4afff75add846079487848a668e9113b)] -> xpath: //span[@class='price-wrapper ']//span], [[ChromeDriver: chrome on WINDOWS (4afff75add846079487848a668e9113b)] -> xpath: //span[@class='price-wrapper ']//span], [[ChromeDriver: chrome on WINDOWS (4afff75add846079487848a668e9113b)] -> xpath: //span[@class='price-wrapper ']//span], [[ChromeDriver: chrome on WINDOWS (4afff75add846079487848a668e9113b)] -> xpath: //span[@class='price-wrapper ']//span], [[ChromeDriver: chrome on WINDOWS (4afff75add846079487848a668e9113b)] -> xpath: //span[@class='price-wrapper ']//span]]
